{
  "RSpec": {
    "coverage": {
      "/Users/David/turing/2module/projects/gif_generator/spec/features/admin_can_create_new_categories_and_gifs_spec.rb": [
        1,
        null,
        1,
        1,
        1,
        1,
        null,
        1,
        1,
        null,
        1,
        null,
        1,
        null,
        1,
        1,
        null,
        1,
        null,
        1,
        1,
        null,
        null,
        null,
        1,
        1,
        1,
        1,
        null,
        1,
        1,
        1,
        null,
        1,
        null,
        1,
        null,
        1,
        1,
        null,
        1,
        1,
        null,
        null
      ],
      "/Users/David/turing/2module/projects/gif_generator/spec/rails_helper.rb": [
        null,
        1,
        1,
        null,
        1,
        1,
        1,
        1,
        null,
        1,
        1,
        1,
        1,
        null,
        null,
        null,
        null,
        null,
        null,
        null,
        null,
        null,
        null,
        null,
        null,
        null,
        null,
        null,
        null,
        null,
        null,
        null,
        null,
        null,
        1,
        null,
        1,
        null,
        1,
        null,
        null,
        null,
        null,
        1,
        null,
        null,
        null,
        null,
        null,
        null,
        null,
        null,
        null,
        null,
        null,
        null,
        null,
        null,
        1,
        null,
        null,
        1,
        null,
        null,
        null
      ],
      "/Users/David/turing/2module/projects/gif_generator/config/environment.rb": [
        null,
        1,
        null,
        null,
        1
      ],
      "/Users/David/turing/2module/projects/gif_generator/config/application.rb": [
        1,
        null,
        1,
        null,
        null,
        null,
        1,
        null,
        1,
        1,
        null,
        null,
        null,
        null,
        null
      ],
      "/Users/David/turing/2module/projects/gif_generator/config/boot.rb": [
        1,
        null,
        1
      ],
      "/Users/David/turing/2module/projects/gif_generator/config/environments/test.rb": [
        1,
        null,
        null,
        null,
        null,
        null,
        null,
        1,
        null,
        null,
        null,
        null,
        1,
        null,
        null,
        1,
        1,
        null,
        null,
        null,
        null,
        1,
        1,
        null,
        null,
        1,
        null,
        null,
        1,
        1,
        null,
        null,
        null,
        null,
        1,
        null,
        null,
        1,
        null,
        null,
        null,
        null
      ],
      "/Users/David/turing/2module/projects/gif_generator/config/initializers/application_controller_renderer.rb": [
        null,
        null,
        null,
        null,
        null,
        null
      ],
      "/Users/David/turing/2module/projects/gif_generator/config/initializers/assets.rb": [
        null,
        null,
        null,
        1,
        null,
        null,
        null,
        null,
        null,
        null,
        null
      ],
      "/Users/David/turing/2module/projects/gif_generator/config/initializers/backtrace_silencers.rb": [
        null,
        null,
        null,
        null,
        null,
        null,
        null
      ],
      "/Users/David/turing/2module/projects/gif_generator/config/initializers/cookies_serializer.rb": [
        null,
        null,
        null,
        null,
        1
      ],
      "/Users/David/turing/2module/projects/gif_generator/config/initializers/filter_parameter_logging.rb": [
        null,
        null,
        null,
        1
      ],
      "/Users/David/turing/2module/projects/gif_generator/config/initializers/inflections.rb": [
        null,
        null,
        null,
        null,
        null,
        null,
        null,
        null,
        null,
        null,
        null,
        null,
        null,
        null,
        null,
        null
      ],
      "/Users/David/turing/2module/projects/gif_generator/config/initializers/mime_types.rb": [
        null,
        null,
        null,
        null
      ],
      "/Users/David/turing/2module/projects/gif_generator/config/initializers/new_framework_defaults.rb": [
        null,
        null,
        null,
        null,
        null,
        null,
        null,
        1,
        null,
        null,
        1,
        null,
        null,
        null,
        1,
        null,
        null,
        1,
        null,
        null,
        1,
        null,
        null,
        1
      ],
      "/Users/David/turing/2module/projects/gif_generator/config/initializers/session_store.rb": [
        null,
        null,
        1
      ],
      "/Users/David/turing/2module/projects/gif_generator/config/initializers/wrap_parameters.rb": [
        null,
        null,
        null,
        null,
        null,
        null,
        1,
        2,
        null,
        null,
        null,
        null,
        null,
        null
      ],
      "/Users/David/turing/2module/projects/gif_generator/config/routes.rb": [
        1,
        null,
        1,
        null,
        1,
        1,
        null,
        1,
        1,
        null,
        1,
        1,
        1,
        null,
        null,
        1,
        1,
        1,
        null
      ],
      "/Users/David/turing/2module/projects/gif_generator/app/helpers/application_helper.rb": [
        1,
        null
      ],
      "/Users/David/turing/2module/projects/gif_generator/spec/features/admin_can_delete_gifs_and_categories_spec.rb": [
        1,
        null,
        1,
        1,
        1,
        1,
        null,
        1,
        1,
        1,
        1,
        null,
        1,
        null,
        1,
        null,
        1,
        null,
        1,
        1,
        1,
        1,
        null,
        null,
        null,
        1,
        1,
        1,
        1,
        null,
        1,
        1,
        1,
        1,
        null,
        1,
        null,
        1,
        null,
        1,
        null,
        0,
        0,
        0,
        0,
        null,
        null
      ],
      "/Users/David/turing/2module/projects/gif_generator/spec/features/admin_can_see_admin_categories_spec.rb": [
        1,
        null,
        1,
        1,
        1,
        null,
        1,
        null,
        1,
        null,
        1,
        null,
        0,
        0,
        null,
        null,
        1,
        1,
        null,
        1,
        null,
        1,
        null,
        0,
        0,
        null,
        null
      ],
      "/Users/David/turing/2module/projects/gif_generator/spec/features/user_can_have_an_account_spec.rb": [
        1,
        null,
        1,
        1,
        1,
        null,
        1,
        1,
        null,
        1,
        1,
        null,
        1,
        null,
        0,
        null,
        0,
        0,
        null,
        null,
        1,
        1,
        null,
        1,
        null,
        1,
        1,
        null,
        1,
        1,
        null,
        1,
        null,
        0,
        0,
        null,
        null,
        1,
        1,
        null,
        1,
        null,
        1,
        1,
        null,
        1,
        null,
        0,
        null,
        0,
        null,
        0,
        0,
        null,
        null
      ],
      "/Users/David/turing/2module/projects/gif_generator/spec/features/user_can_have_favorite_gifs_spec.rb": [
        1,
        null,
        1,
        1,
        1,
        1,
        null,
        1,
        1,
        null,
        1,
        1,
        1,
        null,
        1,
        null,
        1,
        1,
        null,
        1,
        null,
        0,
        0,
        0,
        0,
        null,
        null
      ],
      "/Users/David/turing/2module/projects/gif_generator/spec/features/user_can_interact_with_gifs_spec.rb": [
        1,
        null,
        1,
        1,
        null,
        1,
        1,
        null,
        1,
        null,
        1,
        1,
        null,
        null
      ],
      "/Users/David/turing/2module/projects/gif_generator/spec/features/user_can_see_categories_spec.rb": [
        1,
        null,
        1,
        1,
        1,
        null,
        1,
        null,
        1,
        1,
        1,
        null,
        null,
        1,
        1,
        null,
        1,
        null,
        1,
        null,
        null
      ],
      "/Users/David/turing/2module/projects/gif_generator/spec/models/category_spec.rb": [
        1,
        null,
        1,
        1,
        2,
        null,
        null
      ],
      "/Users/David/turing/2module/projects/gif_generator/app/models/category.rb": [
        1,
        1,
        1,
        null
      ],
      "/Users/David/turing/2module/projects/gif_generator/app/models/application_record.rb": [
        1,
        1,
        null
      ],
      "/Users/David/turing/2module/projects/gif_generator/spec/models/favorite_spec.rb": [
        1,
        null,
        1,
        1,
        null
      ],
      "/Users/David/turing/2module/projects/gif_generator/app/models/favorite.rb": [
        1,
        1,
        1,
        null
      ],
      "/Users/David/turing/2module/projects/gif_generator/spec/models/gif_spec.rb": [
        1,
        null,
        1,
        1,
        null
      ],
      "/Users/David/turing/2module/projects/gif_generator/app/models/gif.rb": [
        1,
        1,
        1,
        1,
        null
      ],
      "/Users/David/turing/2module/projects/gif_generator/spec/models/user_spec.rb": [
        1,
        null,
        1,
        1,
        2,
        2,
        2,
        null,
        null
      ],
      "/Users/David/turing/2module/projects/gif_generator/app/models/user.rb": [
        1,
        1,
        1,
        1,
        1,
        1,
        null
      ],
      "/Users/David/turing/2module/projects/gif_generator/app/controllers/application_controller.rb": [
        1,
        1,
        null,
        1,
        null,
        1,
        24,
        null,
        null,
        1,
        15,
        null,
        null
      ],
      "/Users/David/turing/2module/projects/gif_generator/app/controllers/users_controller.rb": [
        1,
        null,
        1,
        1,
        1,
        null,
        null,
        1,
        0,
        0,
        0,
        0,
        0,
        null,
        0,
        0,
        null,
        null,
        null,
        1,
        2,
        2,
        null,
        0,
        null,
        null,
        null,
        null,
        1,
        null,
        1,
        0,
        null,
        null,
        null
      ],
      "/Users/David/turing/2module/projects/gif_generator/app/controllers/admin/categories_controller.rb": [
        1,
        null,
        1,
        2,
        null,
        null,
        1,
        2,
        2,
        2,
        null,
        null,
        1,
        1,
        1,
        1,
        1,
        null,
        null,
        1,
        null,
        1,
        2,
        null,
        null,
        1,
        2,
        2,
        2,
        2,
        null,
        null,
        1,
        1,
        1,
        1,
        null,
        null,
        null
      ],
      "/Users/David/turing/2module/projects/gif_generator/app/controllers/admin/base_controller.rb": [
        1,
        1,
        null,
        1,
        5,
        null,
        null
      ],
      "/Users/David/turing/2module/projects/gif_generator/app/controllers/categories_controller.rb": [
        1,
        null,
        1,
        4,
        null,
        null,
        1,
        4,
        null,
        null,
        null
      ],
      "/Users/David/turing/2module/projects/gif_generator/app/controllers/gifs_controller.rb": [
        1,
        null,
        1,
        4,
        null,
        null,
        1,
        0,
        0,
        null,
        null,
        1,
        0,
        0,
        0,
        null,
        null,
        1,
        null,
        1,
        0,
        null,
        null
      ],
      "/Users/David/turing/2module/projects/gif_generator/app/controllers/sessions_controller.rb": [
        1,
        null,
        1,
        null,
        null,
        1,
        0,
        0,
        0,
        0,
        null,
        0,
        0,
        null,
        null,
        null,
        1,
        0,
        0,
        null,
        null
      ]
    },
    "timestamp": 1469548855
  }
}
